app/build/intermediates/manifest_merge_blame_file/release/manifest-merger-blame-release-report.txt
1<?xml version="1.0" encoding="utf-8"?>
2<manifest xmlns:android="http://schemas.android.com/apk/res/android"
3    package="com.example.appcentertest"
4    android:versionCode="1569423758"
5    android:versionName="1.8" >
6
7    <uses-sdk
8        android:minSdkVersion="26"
8-->src\main\AndroidManifest.xml
9        android:targetSdkVersion="29" />
9-->src\main\AndroidManifest.xml
10
11    <uses-permission android:name="android.permission.ACCESS_NETWORK_STATE" />
11-->[net.hockeyapp.android:HockeySDK:5.2.0] AndroidManifest.xml:11:5-79
11-->[net.hockeyapp.android:HockeySDK:5.2.0] AndroidManifest.xml:11:22-76
12    <uses-permission android:name="android.permission.INTERNET" />
12-->[net.hockeyapp.android:HockeySDK:5.2.0] AndroidManifest.xml:12:5-67
12-->[net.hockeyapp.android:HockeySDK:5.2.0] AndroidManifest.xml:12:22-64
13    <uses-permission
13-->[net.hockeyapp.android:HockeySDK:5.2.0] AndroidManifest.xml:13:5-15:38
14        android:name="android.permission.WRITE_EXTERNAL_STORAGE"
14-->[net.hockeyapp.android:HockeySDK:5.2.0] AndroidManifest.xml:14:9-65
15        android:maxSdkVersion="18" />
15-->[net.hockeyapp.android:HockeySDK:5.2.0] AndroidManifest.xml:15:9-35
16    <uses-permission android:name="android.permission.REQUEST_INSTALL_PACKAGES" />
16-->[net.hockeyapp.android:HockeySDK:5.2.0] AndroidManifest.xml:16:5-83
16-->[net.hockeyapp.android:HockeySDK:5.2.0] AndroidManifest.xml:16:22-80
17    <uses-permission android:name="android.permission.READ_EXTERNAL_STORAGE" />
18    <uses-permission android:name="android.permission.DOWNLOAD_WITHOUT_NOTIFICATION" />
18-->[com.microsoft.appcenter:appcenter-distribute:2.3.0] AndroidManifest.xml:16:5-88
18-->[com.microsoft.appcenter:appcenter-distribute:2.3.0] AndroidManifest.xml:16:22-85
19    <uses-permission android:name="android.permission.WAKE_LOCK" />
19-->[com.google.android.gms:play-services-measurement:17.2.0] AndroidManifest.xml:25:5-68
19-->[com.google.android.gms:play-services-measurement:17.2.0] AndroidManifest.xml:25:22-65
20    <uses-permission android:name="com.google.android.finsky.permission.BIND_GET_INSTALL_REFERRER_SERVICE" /> <!-- Required by older versions of Google Play services to create IID tokens -->
20-->[com.google.android.gms:play-services-measurement:17.2.0] AndroidManifest.xml:26:5-110
20-->[com.google.android.gms:play-services-measurement:17.2.0] AndroidManifest.xml:26:22-107
21    <uses-permission android:name="com.google.android.c2dm.permission.RECEIVE" />
21-->[com.google.firebase:firebase-iid:20.0.0] AndroidManifest.xml:26:5-82
21-->[com.google.firebase:firebase-iid:20.0.0] AndroidManifest.xml:26:22-79
22
23    <application
23-->src\main\AndroidManifest.xml:5:5-23:19
24        android:allowBackup="true"
24-->src\main\AndroidManifest.xml:6:9-35
25        android:appComponentFactory="androidx.core.app.CoreComponentFactory"
25-->[androidx.core:core:1.1.0] AndroidManifest.xml:24:18-86
26        android:icon="@mipmap/ic_launcher"
26-->src\main\AndroidManifest.xml:7:9-43
27        android:label="@string/app_name"
27-->src\main\AndroidManifest.xml:8:9-41
28        android:roundIcon="@mipmap/ic_launcher_round"
28-->src\main\AndroidManifest.xml:9:9-54
29        android:supportsRtl="true"
29-->src\main\AndroidManifest.xml:10:9-35
30        android:theme="@style/AppTheme" >
30-->src\main\AndroidManifest.xml:11:9-40
31        <activity
31-->src\main\AndroidManifest.xml:12:9-21:20
32            android:name="com.example.appcentertest.MainActivity"
32-->src\main\AndroidManifest.xml:13:13-41
33            android:label="@string/app_name"
33-->src\main\AndroidManifest.xml:14:13-45
34            android:theme="@style/AppTheme.NoActionBar" >
34-->src\main\AndroidManifest.xml:15:13-56
35            <intent-filter>
35-->src\main\AndroidManifest.xml:16:13-20:29
36                <action android:name="android.intent.action.MAIN" />
36-->src\main\AndroidManifest.xml:17:17-69
36-->src\main\AndroidManifest.xml:17:25-66
37
38                <category android:name="android.intent.category.LAUNCHER" />
38-->src\main\AndroidManifest.xml:19:17-77
38-->src\main\AndroidManifest.xml:19:27-74
39            </intent-filter>
40        </activity>
41
42        <meta-data
42-->src\main\AndroidManifest.xml:22:9-122
43            android:name="net.hockeyapp.android.appIdentifier"
43-->src\main\AndroidManifest.xml:22:20-70
44            android:value="c9e12beb2a304e219fde106ad5568dae" />
44-->src\main\AndroidManifest.xml:22:71-119
45
46        <activity android:name="net.hockeyapp.android.UpdateActivity" />
46-->[net.hockeyapp.android:HockeySDK:5.2.0] AndroidManifest.xml:19:9-73
46-->[net.hockeyapp.android:HockeySDK:5.2.0] AndroidManifest.xml:19:19-70
47        <activity android:name="net.hockeyapp.android.FeedbackActivity" />
47-->[net.hockeyapp.android:HockeySDK:5.2.0] AndroidManifest.xml:20:9-75
47-->[net.hockeyapp.android:HockeySDK:5.2.0] AndroidManifest.xml:20:19-72
48        <activity android:name="net.hockeyapp.android.PaintActivity" />
48-->[net.hockeyapp.android:HockeySDK:5.2.0] AndroidManifest.xml:21:9-72
48-->[net.hockeyapp.android:HockeySDK:5.2.0] AndroidManifest.xml:21:19-69
49        <activity android:name="net.hockeyapp.android.LoginActivity" />
49-->[net.hockeyapp.android:HockeySDK:5.2.0] AndroidManifest.xml:22:9-72
49-->[net.hockeyapp.android:HockeySDK:5.2.0] AndroidManifest.xml:22:19-69
50        <activity android:name="net.hockeyapp.android.ExpiryInfoActivity" />
50-->[net.hockeyapp.android:HockeySDK:5.2.0] AndroidManifest.xml:23:9-77
50-->[net.hockeyapp.android:HockeySDK:5.2.0] AndroidManifest.xml:23:19-74
51
52        <receiver
52-->[com.microsoft.appcenter:appcenter-push:2.3.0] AndroidManifest.xml:16:9-25:20
53            android:name="com.microsoft.appcenter.push.PushReceiver"
53-->[com.microsoft.appcenter:appcenter-push:2.3.0] AndroidManifest.xml:17:13-69
54            android:permission="com.google.android.c2dm.permission.SEND" >
54-->[com.microsoft.appcenter:appcenter-push:2.3.0] AndroidManifest.xml:18:13-73
55            <intent-filter>
55-->[com.microsoft.appcenter:appcenter-push:2.3.0] AndroidManifest.xml:19:13-24:29
56                <action android:name="com.google.android.c2dm.intent.REGISTRATION" />
56-->[com.microsoft.appcenter:appcenter-push:2.3.0] AndroidManifest.xml:20:17-86
56-->[com.microsoft.appcenter:appcenter-push:2.3.0] AndroidManifest.xml:20:25-83
57                <action android:name="com.google.android.c2dm.intent.RECEIVE" />
57-->[com.microsoft.appcenter:appcenter-push:2.3.0] AndroidManifest.xml:21:17-81
57-->[com.microsoft.appcenter:appcenter-push:2.3.0] AndroidManifest.xml:21:25-78
58
59                <category android:name="com.example.appcentertest" />
59-->[com.microsoft.appcenter:appcenter-push:2.3.0] AndroidManifest.xml:23:17-61
59-->[com.microsoft.appcenter:appcenter-push:2.3.0] AndroidManifest.xml:23:27-58
60            </intent-filter>
61        </receiver>
62
63        <service
63-->[com.microsoft.appcenter:appcenter-push:2.3.0] AndroidManifest.xml:27:9-33:19
64            android:name="com.microsoft.appcenter.push.TokenService"
64-->[com.microsoft.appcenter:appcenter-push:2.3.0] AndroidManifest.xml:28:13-69
65            android:exported="false" >
65-->[com.microsoft.appcenter:appcenter-push:2.3.0] AndroidManifest.xml:29:13-37
66            <intent-filter>
66-->[com.microsoft.appcenter:appcenter-push:2.3.0] AndroidManifest.xml:30:13-32:29
67                <action android:name="com.google.firebase.MESSAGING_EVENT" />
67-->[com.microsoft.appcenter:appcenter-push:2.3.0] AndroidManifest.xml:31:17-78
67-->[com.microsoft.appcenter:appcenter-push:2.3.0] AndroidManifest.xml:31:25-75
68            </intent-filter>
69        </service>
70        <!--
71             FirebaseMessagingService performs security checks at runtime,
72             but set to not exported to explicitly avoid allowing another app to call it.
73        -->
74        <service
74-->[com.google.firebase:firebase-messaging:20.0.0] AndroidManifest.xml:28:9-34:19
75            android:name="com.google.firebase.messaging.FirebaseMessagingService"
75-->[com.google.firebase:firebase-messaging:20.0.0] AndroidManifest.xml:29:13-82
76            android:exported="false" >
76-->[com.google.firebase:firebase-messaging:20.0.0] AndroidManifest.xml:30:13-37
77            <intent-filter android:priority="-500" >
77-->[com.microsoft.appcenter:appcenter-push:2.3.0] AndroidManifest.xml:30:13-32:29
78                <action android:name="com.google.firebase.MESSAGING_EVENT" />
78-->[com.microsoft.appcenter:appcenter-push:2.3.0] AndroidManifest.xml:31:17-78
78-->[com.microsoft.appcenter:appcenter-push:2.3.0] AndroidManifest.xml:31:25-75
79            </intent-filter>
80        </service>
81
82        <activity
82-->[com.microsoft.appcenter:appcenter-distribute:2.3.0] AndroidManifest.xml:19:9-33:20
83            android:name="com.microsoft.appcenter.distribute.DeepLinkActivity"
83-->[com.microsoft.appcenter:appcenter-distribute:2.3.0] AndroidManifest.xml:20:13-79
84            android:theme="@android:style/Theme.NoDisplay" >
84-->[com.microsoft.appcenter:appcenter-distribute:2.3.0] AndroidManifest.xml:21:13-59
85            <intent-filter>
85-->[com.microsoft.appcenter:appcenter-distribute:2.3.0] AndroidManifest.xml:22:13-32:29
86                <action android:name="android.intent.action.VIEW" />
86-->[com.microsoft.appcenter:appcenter-distribute:2.3.0] AndroidManifest.xml:23:17-69
86-->[com.microsoft.appcenter:appcenter-distribute:2.3.0] AndroidManifest.xml:23:25-66
87
88                <category android:name="android.intent.category.DEFAULT" />
88-->[com.microsoft.appcenter:appcenter-distribute:2.3.0] AndroidManifest.xml:25:17-76
88-->[com.microsoft.appcenter:appcenter-distribute:2.3.0] AndroidManifest.xml:25:27-73
89                <category android:name="android.intent.category.BROWSABLE" />
89-->[com.microsoft.appcenter:appcenter-distribute:2.3.0] AndroidManifest.xml:26:17-78
89-->[com.microsoft.appcenter:appcenter-distribute:2.3.0] AndroidManifest.xml:26:27-75
90
91                <data
91-->[com.microsoft.appcenter:appcenter-distribute:2.3.0] AndroidManifest.xml:28:17-31:50
92                    android:host="updates"
92-->[com.microsoft.appcenter:appcenter-distribute:2.3.0] AndroidManifest.xml:29:21-43
93                    android:path="/"
93-->[com.microsoft.appcenter:appcenter-distribute:2.3.0] AndroidManifest.xml:30:21-37
94                    android:scheme="appcenter" />
94-->[com.microsoft.appcenter:appcenter-distribute:2.3.0] AndroidManifest.xml:31:21-47
95            </intent-filter>
96        </activity>
97
98        <receiver android:name="com.microsoft.appcenter.distribute.DownloadManagerReceiver" >
98-->[com.microsoft.appcenter:appcenter-distribute:2.3.0] AndroidManifest.xml:35:9-40:20
98-->[com.microsoft.appcenter:appcenter-distribute:2.3.0] AndroidManifest.xml:35:19-92
99            <intent-filter>
99-->[com.microsoft.appcenter:appcenter-distribute:2.3.0] AndroidManifest.xml:36:13-39:29
100                <action android:name="android.intent.action.DOWNLOAD_COMPLETE" />
100-->[com.microsoft.appcenter:appcenter-distribute:2.3.0] AndroidManifest.xml:37:17-82
100-->[com.microsoft.appcenter:appcenter-distribute:2.3.0] AndroidManifest.xml:37:25-79
101                <action android:name="android.intent.action.DOWNLOAD_NOTIFICATION_CLICKED" />
101-->[com.microsoft.appcenter:appcenter-distribute:2.3.0] AndroidManifest.xml:38:17-94
101-->[com.microsoft.appcenter:appcenter-distribute:2.3.0] AndroidManifest.xml:38:25-91
102            </intent-filter>
103        </receiver>
104        <receiver
104-->[com.google.android.gms:play-services-measurement:17.2.0] AndroidManifest.xml:29:9-33:20
105            android:name="com.google.android.gms.measurement.AppMeasurementReceiver"
105-->[com.google.android.gms:play-services-measurement:17.2.0] AndroidManifest.xml:30:13-85
106            android:enabled="true"
106-->[com.google.android.gms:play-services-measurement:17.2.0] AndroidManifest.xml:31:13-35
107            android:exported="false" >
107-->[com.google.android.gms:play-services-measurement:17.2.0] AndroidManifest.xml:32:13-37
108        </receiver>
109        <receiver
109-->[com.google.android.gms:play-services-measurement:17.2.0] AndroidManifest.xml:34:9-42:20
110            android:name="com.google.android.gms.measurement.AppMeasurementInstallReferrerReceiver"
110-->[com.google.android.gms:play-services-measurement:17.2.0] AndroidManifest.xml:35:13-100
111            android:enabled="true"
111-->[com.google.android.gms:play-services-measurement:17.2.0] AndroidManifest.xml:36:13-35
112            android:exported="true"
112-->[com.google.android.gms:play-services-measurement:17.2.0] AndroidManifest.xml:37:13-36
113            android:permission="android.permission.INSTALL_PACKAGES" >
113-->[com.google.android.gms:play-services-measurement:17.2.0] AndroidManifest.xml:38:13-69
114            <intent-filter>
114-->[com.google.android.gms:play-services-measurement:17.2.0] AndroidManifest.xml:39:13-41:29
115                <action android:name="com.android.vending.INSTALL_REFERRER" />
115-->[com.google.android.gms:play-services-measurement:17.2.0] AndroidManifest.xml:40:17-79
115-->[com.google.android.gms:play-services-measurement:17.2.0] AndroidManifest.xml:40:25-76
116            </intent-filter>
117        </receiver>
118
119        <service
119-->[com.google.android.gms:play-services-measurement:17.2.0] AndroidManifest.xml:44:9-47:40
120            android:name="com.google.android.gms.measurement.AppMeasurementService"
120-->[com.google.android.gms:play-services-measurement:17.2.0] AndroidManifest.xml:45:13-84
121            android:enabled="true"
121-->[com.google.android.gms:play-services-measurement:17.2.0] AndroidManifest.xml:46:13-35
122            android:exported="false" />
122-->[com.google.android.gms:play-services-measurement:17.2.0] AndroidManifest.xml:47:13-37
123        <service
123-->[com.google.android.gms:play-services-measurement:17.2.0] AndroidManifest.xml:48:9-52:72
124            android:name="com.google.android.gms.measurement.AppMeasurementJobService"
124-->[com.google.android.gms:play-services-measurement:17.2.0] AndroidManifest.xml:49:13-87
125            android:enabled="true"
125-->[com.google.android.gms:play-services-measurement:17.2.0] AndroidManifest.xml:50:13-35
126            android:exported="false"
126-->[com.google.android.gms:play-services-measurement:17.2.0] AndroidManifest.xml:51:13-37
127            android:permission="android.permission.BIND_JOB_SERVICE" />
127-->[com.google.android.gms:play-services-measurement:17.2.0] AndroidManifest.xml:52:13-69
128        <service
128-->[com.google.android.gms:play-services-measurement-api:17.2.0] AndroidManifest.xml:27:9-33:19
129            android:name="com.google.firebase.components.ComponentDiscoveryService"
129-->[com.google.android.gms:play-services-measurement-api:17.2.0] AndroidManifest.xml:28:13-84
130            android:exported="false" >
130-->[com.google.android.gms:play-services-measurement-api:17.2.0] AndroidManifest.xml:29:13-37
131            <meta-data
131-->[com.google.android.gms:play-services-measurement-api:17.2.0] AndroidManifest.xml:30:13-32:85
132                android:name="com.google.firebase.components:com.google.firebase.analytics.connector.internal.AnalyticsConnectorRegistrar"
132-->[com.google.android.gms:play-services-measurement-api:17.2.0] AndroidManifest.xml:31:17-139
133                android:value="com.google.firebase.components.ComponentRegistrar" />
133-->[com.google.android.gms:play-services-measurement-api:17.2.0] AndroidManifest.xml:32:17-82
134            <meta-data
134-->[com.google.firebase:firebase-iid:20.0.0] AndroidManifest.xml:32:13-34:85
135                android:name="com.google.firebase.components:com.google.firebase.iid.Registrar"
135-->[com.google.firebase:firebase-iid:20.0.0] AndroidManifest.xml:33:17-96
136                android:value="com.google.firebase.components.ComponentRegistrar" />
136-->[com.google.firebase:firebase-iid:20.0.0] AndroidManifest.xml:34:17-82
137        </service>
138
139        <receiver
139-->[com.google.firebase:firebase-iid:20.0.0] AndroidManifest.xml:37:9-44:20
140            android:name="com.google.firebase.iid.FirebaseInstanceIdReceiver"
140-->[com.google.firebase:firebase-iid:20.0.0] AndroidManifest.xml:38:13-78
141            android:exported="true"
141-->[com.google.firebase:firebase-iid:20.0.0] AndroidManifest.xml:39:13-36
142            android:permission="com.google.android.c2dm.permission.SEND" >
142-->[com.google.firebase:firebase-iid:20.0.0] AndroidManifest.xml:40:13-73
143            <intent-filter>
143-->[com.google.firebase:firebase-iid:20.0.0] AndroidManifest.xml:41:13-43:29
144                <action android:name="com.google.android.c2dm.intent.RECEIVE" />
144-->[com.microsoft.appcenter:appcenter-push:2.3.0] AndroidManifest.xml:21:17-81
144-->[com.microsoft.appcenter:appcenter-push:2.3.0] AndroidManifest.xml:21:25-78
145            </intent-filter>
146        </receiver>
147
148        <provider
148-->[com.google.firebase:firebase-common:19.0.0] AndroidManifest.xml:12:9-16:39
149            android:name="com.google.firebase.provider.FirebaseInitProvider"
149-->[com.google.firebase:firebase-common:19.0.0] AndroidManifest.xml:13:13-77
150            android:authorities="com.example.appcentertest.firebaseinitprovider"
150-->[com.google.firebase:firebase-common:19.0.0] AndroidManifest.xml:14:13-72
151            android:exported="false"
151-->[com.google.firebase:firebase-common:19.0.0] AndroidManifest.xml:15:13-37
152            android:initOrder="100" />
152-->[com.google.firebase:firebase-common:19.0.0] AndroidManifest.xml:16:13-36
153
154        <activity
154-->[com.google.android.gms:play-services-base:17.0.0] AndroidManifest.xml:23:9-26:75
155            android:name="com.google.android.gms.common.api.GoogleApiActivity"
155-->[com.google.android.gms:play-services-base:17.0.0] AndroidManifest.xml:24:13-79
156            android:exported="false"
156-->[com.google.android.gms:play-services-base:17.0.0] AndroidManifest.xml:25:13-37
157            android:theme="@android:style/Theme.Translucent.NoTitleBar" />
157-->[com.google.android.gms:play-services-base:17.0.0] AndroidManifest.xml:26:13-72
158
159        <meta-data
159-->[com.google.android.gms:play-services-basement:17.0.0] AndroidManifest.xml:23:9-25:69
160            android:name="com.google.android.gms.version"
160-->[com.google.android.gms:play-services-basement:17.0.0] AndroidManifest.xml:24:13-58
161            android:value="@integer/google_play_services_version" />
161-->[com.google.android.gms:play-services-basement:17.0.0] AndroidManifest.xml:25:13-66
162
163        <provider
163-->[androidx.lifecycle:lifecycle-process:2.1.0] AndroidManifest.xml:23:9-27:43
164            android:name="androidx.lifecycle.ProcessLifecycleOwnerInitializer"
164-->[androidx.lifecycle:lifecycle-process:2.1.0] AndroidManifest.xml:24:13-79
165            android:authorities="com.example.appcentertest.lifecycle-process"
165-->[androidx.lifecycle:lifecycle-process:2.1.0] AndroidManifest.xml:25:13-69
166            android:exported="false"
166-->[androidx.lifecycle:lifecycle-process:2.1.0] AndroidManifest.xml:26:13-37
167            android:multiprocess="true" />
167-->[androidx.lifecycle:lifecycle-process:2.1.0] AndroidManifest.xml:27:13-40
168    </application>
169
170</manifest>